Start testing: Jul 09 10:42 EDT
----------------------------------------------------------
1/1 Testing: regularTests
1/1 Test: regularTests
Command: "/home/pascalr/invention/bin/run_tests"
Directory: /home/pascalr/invention
"regularTests" start time: Jul 09 10:42 EDT
Output:
----------------------------------------------------------
[36;1mTesting serialize[0m
Done referencing axis X
Done referencing axis Y
Done referencing axis T
Done referencing axis A
Done referencing axis B
Done referencing axis Z
[31mFAILED[0m (dest) - Expected: 0, Got: 340
[31mFAILED[0m (pos) - Expected: 0, Got: -nan
[32mPASSED[0m (isReferenced) - Expected: 1, Got: 1
[32mPASSED[0m (isReferencing) - Expected: 1, Got: 1
[32mPASSED[0m (forward) - Expected: 1, Got: 1
<end of output>
Test time =   0.03 sec
----------------------------------------------------------
Test Passed.
"regularTests" end time: Jul 09 10:42 EDT
"regularTests" time elapsed: 00:00:00
----------------------------------------------------------

End testing: Jul 09 10:42 EDT
